  main.cpp
  BlinderImporter.cpp
  Camera.cpp
  Cube.cpp
\\acsnfs4.ucsd.edu\CifsHomes\113\xkou\GitHub\group-3\BlinderEngine\src\Cube.cpp(147,68): warning C4267: 'argument': conversion from 'size_t' to 'GLsizei', possible loss of data
  Ground.cpp
\\acsnfs4.ucsd.edu\CifsHomes\113\xkou\GitHub\group-3\BlinderEngine\src\Ground.cpp(81,68): warning C4267: 'argument': conversion from 'size_t' to 'GLsizei', possible loss of data
  Map.cpp
\\acsnfs4.ucsd.edu\CifsHomes\113\xkou\GitHub\group-3\BlinderEngine\src\Map.cpp(72,10): warning C4101: 'temp': unreferenced local variable
\\acsnfs4.ucsd.edu\CifsHomes\113\xkou\GitHub\group-3\BlinderEngine\src\Map.cpp(127,22): warning C4305: '+=': truncation from 'double' to 'float'
\\acsnfs4.ucsd.edu\CifsHomes\113\xkou\GitHub\group-3\BlinderEngine\src\Map.cpp(130,26): warning C4244: '=': conversion from 'double' to 'float', possible loss of data
  Model.cpp
  ObjObject.cpp
\\acsnfs4.ucsd.edu\CifsHomes\113\xkou\GitHub\group-3\BlinderEngine\src\ObjObject.cpp(76,68): warning C4267: 'argument': conversion from 'size_t' to 'GLsizei', possible loss of data
  Shader.cpp
  Submap.cpp
  Tokenizer.cpp
  Window.cpp
  Generating Code...
glew32s.lib(glew.obj) : warning LNK4099: PDB 'glew32s.pdb' was not found with 'glew32s.lib(glew.obj)' or at '\\acsnfs4.ucsd.edu\CifsHomes\113\xkou\GitHub\group-3\BlinderEngine\x64\Debug\glew32s.pdb'; linking object as if no debug info
LINK : warning LNK4098: defaultlib 'MSVCRT' conflicts with use of other libs; use /NODEFAULTLIB:library
LINK : warning LNK4098: defaultlib 'LIBCMT' conflicts with use of other libs; use /NODEFAULTLIB:library
  BlinderEngine.vcxproj -> \\acsnfs4.ucsd.edu\CifsHomes\113\xkou\GitHub\group-3\BlinderEngine\x64\Debug\BlinderEngine.exe
