h:\group-3\blinderengine\x64\debug\vc143.pdb
h:\group-3\blinderengine\x64\debug\vc143.idb
h:\group-3\blinderengine\x64\debug\window.obj
h:\group-3\blinderengine\x64\debug\tokenizer.obj
h:\group-3\blinderengine\x64\debug\shader.obj
h:\group-3\blinderengine\x64\debug\objobject.obj
h:\group-3\blinderengine\x64\debug\model.obj
h:\group-3\blinderengine\x64\debug\ground.obj
h:\group-3\blinderengine\x64\debug\cube.obj
h:\group-3\blinderengine\x64\debug\camera.obj
h:\group-3\blinderengine\x64\debug\main.obj
h:\group-3\blinderengine\x64\debug\blinderengine.ilk
h:\group-3\blinderengine\x64\debug\blinderengine.exe
h:\group-3\blinderengine\x64\debug\blinderengine.pdb
h:\group-3\blinderengine\x64\debug\blinderengine.tlog\cl.command.1.tlog
h:\group-3\blinderengine\x64\debug\blinderengine.tlog\cl.read.1.tlog
h:\group-3\blinderengine\x64\debug\blinderengine.tlog\cl.write.1.tlog
h:\group-3\blinderengine\x64\debug\blinderengine.tlog\link.command.1.tlog
h:\group-3\blinderengine\x64\debug\blinderengine.tlog\link.read.1.tlog
h:\group-3\blinderengine\x64\debug\blinderengine.tlog\link.write.1.tlog
